InnoDB: using atomic writes.
2020-12-21  8:55:53 0 [Note] InnoDB: Mutexes and rw_locks use Windows interlocked functions
2020-12-21  8:55:53 0 [Note] InnoDB: Uses event mutexes
2020-12-21  8:55:53 0 [Note] InnoDB: Compressed tables use zlib 1.2.11
2020-12-21  8:55:53 0 [Note] InnoDB: Number of pools: 1
2020-12-21  8:55:53 0 [Note] InnoDB: Using SSE2 crc32 instructions
2020-12-21  8:55:53 0 [Note] InnoDB: Initializing buffer pool, total size = 16M, instances = 1, chunk size = 16M
2020-12-21  8:55:53 0 [Note] InnoDB: Completed initialization of buffer pool
2020-12-21  8:55:53 0 [Note] InnoDB: Starting crash recovery from checkpoint LSN=300288
2020-12-21  8:55:53 0 [Note] InnoDB: 128 out of 128 rollback segments are active.
2020-12-21  8:55:53 0 [Note] InnoDB: Removed temporary tablespace data file: "ibtmp1"
2020-12-21  8:55:53 0 [Note] InnoDB: Creating shared tablespace for temporary tables
2020-12-21  8:55:53 0 [Note] InnoDB: Setting file 'C:\xampp\mysql\data\ibtmp1' size to 12 MB. Physically writing the file full; Please wait ...
2020-12-21  8:55:53 0 [Note] InnoDB: File 'C:\xampp\mysql\data\ibtmp1' size is now 12 MB.
2020-12-21  8:55:53 0 [Note] InnoDB: Waiting for purge to start
2020-12-21  8:55:53 0 [Note] InnoDB: 10.4.17 started; log sequence number 300297; transaction id 170
2020-12-21  8:55:53 0 [Note] InnoDB: Loading buffer pool(s) from C:\xampp\mysql\data\ib_buffer_pool
2020-12-21  8:55:53 0 [Note] Plugin 'FEEDBACK' is disabled.
2020-12-21  8:55:53 0 [Note] InnoDB: Buffer pool(s) load completed at 201221  8:55:53
2020-12-21  8:55:53 0 [Note] Server socket created on IP: '::'.
InnoDB: using atomic writes.
2020-12-21 10:17:14 0 [Note] InnoDB: Mutexes and rw_locks use Windows interlocked functions
2020-12-21 10:17:14 0 [Note] InnoDB: Uses event mutexes
2020-12-21 10:17:14 0 [Note] InnoDB: Compressed tables use zlib 1.2.11
2020-12-21 10:17:14 0 [Note] InnoDB: Number of pools: 1
2020-12-21 10:17:14 0 [Note] InnoDB: Using SSE2 crc32 instructions
2020-12-21 10:17:14 0 [Note] InnoDB: Initializing buffer pool, total size = 16M, instances = 1, chunk size = 16M
2020-12-21 10:17:14 0 [Note] InnoDB: Completed initialization of buffer pool
2020-12-21 10:17:14 0 [Note] InnoDB: Starting crash recovery from checkpoint LSN=300306
2020-12-21 10:17:14 0 [Note] InnoDB: 128 out of 128 rollback segments are active.
2020-12-21 10:17:14 0 [Note] InnoDB: Removed temporary tablespace data file: "ibtmp1"
2020-12-21 10:17:14 0 [Note] InnoDB: Creating shared tablespace for temporary tables
2020-12-21 10:17:14 0 [Note] InnoDB: Setting file 'C:\xampp\mysql\data\ibtmp1' size to 12 MB. Physically writing the file full; Please wait ...
2020-12-21 10:17:14 0 [Note] InnoDB: File 'C:\xampp\mysql\data\ibtmp1' size is now 12 MB.
2020-12-21 10:17:14 0 [Note] InnoDB: Waiting for purge to start
2020-12-21 10:17:14 0 [Note] InnoDB: 10.4.17 started; log sequence number 300315; transaction id 170
2020-12-21 10:17:14 0 [Note] InnoDB: Loading buffer pool(s) from C:\xampp\mysql\data\ib_buffer_pool
2020-12-21 10:17:14 0 [Note] Plugin 'FEEDBACK' is disabled.
2020-12-21 10:17:14 0 [Note] Server socket created on IP: '::'.
2020-12-21 10:17:14 0 [Note] InnoDB: Buffer pool(s) load completed at 201221 10:17:14
InnoDB: using atomic writes.
2020-12-21 10:24:09 0 [Note] InnoDB: Mutexes and rw_locks use Windows interlocked functions
2020-12-21 10:24:09 0 [Note] InnoDB: Uses event mutexes
2020-12-21 10:24:09 0 [Note] InnoDB: Compressed tables use zlib 1.2.11
2020-12-21 10:24:09 0 [Note] InnoDB: Number of pools: 1
2020-12-21 10:24:09 0 [Note] InnoDB: Using SSE2 crc32 instructions
2020-12-21 10:24:09 0 [Note] InnoDB: Initializing buffer pool, total size = 16M, instances = 1, chunk size = 16M
2020-12-21 10:24:09 0 [Note] InnoDB: Completed initialization of buffer pool
2020-12-21 10:24:09 0 [Note] InnoDB: Starting crash recovery from checkpoint LSN=300324
2020-12-21 10:24:09 0 [Note] InnoDB: 128 out of 128 rollback segments are active.
2020-12-21 10:24:09 0 [Note] InnoDB: Removed temporary tablespace data file: "ibtmp1"
2020-12-21 10:24:09 0 [Note] InnoDB: Creating shared tablespace for temporary tables
2020-12-21 10:24:09 0 [Note] InnoDB: Setting file 'C:\xampp\mysql\data\ibtmp1' size to 12 MB. Physically writing the file full; Please wait ...
2020-12-21 10:24:09 0 [Note] InnoDB: File 'C:\xampp\mysql\data\ibtmp1' size is now 12 MB.
2020-12-21 10:24:09 0 [Note] InnoDB: Waiting for purge to start
2020-12-21 10:24:09 0 [Note] InnoDB: 10.4.17 started; log sequence number 300333; transaction id 170
2020-12-21 10:24:09 0 [Note] InnoDB: Loading buffer pool(s) from C:\xampp\mysql\data\ib_buffer_pool
2020-12-21 10:24:09 0 [Note] Plugin 'FEEDBACK' is disabled.
2020-12-21 10:24:09 0 [Note] InnoDB: Buffer pool(s) load completed at 201221 10:24:09
2020-12-21 10:24:09 0 [Note] Server socket created on IP: '::'.
InnoDB: using atomic writes.
2020-12-25 18:57:37 0 [Note] InnoDB: Mutexes and rw_locks use Windows interlocked functions
2020-12-25 18:57:37 0 [Note] InnoDB: Uses event mutexes
2020-12-25 18:57:37 0 [Note] InnoDB: Compressed tables use zlib 1.2.11
2020-12-25 18:57:37 0 [Note] InnoDB: Number of pools: 1
2020-12-25 18:57:37 0 [Note] InnoDB: Using SSE2 crc32 instructions
2020-12-25 18:57:37 0 [Note] InnoDB: Initializing buffer pool, total size = 16M, instances = 1, chunk size = 16M
2020-12-25 18:57:37 0 [Note] InnoDB: Completed initialization of buffer pool
2020-12-25 18:57:37 0 [Note] InnoDB: Starting crash recovery from checkpoint LSN=373600
2020-12-25 18:57:37 0 [Note] InnoDB: 128 out of 128 rollback segments are active.
2020-12-25 18:57:37 0 [Note] InnoDB: Removed temporary tablespace data file: "ibtmp1"
2020-12-25 18:57:37 0 [Note] InnoDB: Creating shared tablespace for temporary tables
2020-12-25 18:57:37 0 [Note] InnoDB: Setting file 'C:\xampp\mysql\data\ibtmp1' size to 12 MB. Physically writing the file full; Please wait ...
2020-12-25 18:57:37 0 [Note] InnoDB: File 'C:\xampp\mysql\data\ibtmp1' size is now 12 MB.
2020-12-25 18:57:37 0 [Note] InnoDB: Waiting for purge to start
2020-12-25 18:57:37 0 [Note] InnoDB: 10.4.17 started; log sequence number 373609; transaction id 468
2020-12-25 18:57:37 0 [Note] InnoDB: Loading buffer pool(s) from C:\xampp\mysql\data\ib_buffer_pool
2020-12-25 18:57:37 0 [Note] Plugin 'FEEDBACK' is disabled.
2020-12-25 18:57:37 0 [Note] InnoDB: Buffer pool(s) load completed at 201225 18:57:37
2020-12-25 18:57:38 0 [Note] Server socket created on IP: '::'.
InnoDB: using atomic writes.
2021-01-14  9:36:44 0 [Note] InnoDB: Mutexes and rw_locks use Windows interlocked functions
2021-01-14  9:36:44 0 [Note] InnoDB: Uses event mutexes
2021-01-14  9:36:44 0 [Note] InnoDB: Compressed tables use zlib 1.2.11
2021-01-14  9:36:44 0 [Note] InnoDB: Number of pools: 1
2021-01-14  9:36:44 0 [Note] InnoDB: Using SSE2 crc32 instructions
2021-01-14  9:36:44 0 [Note] InnoDB: Initializing buffer pool, total size = 16M, instances = 1, chunk size = 16M
2021-01-14  9:36:44 0 [Note] InnoDB: Completed initialization of buffer pool
2021-01-14  9:36:44 0 [Note] InnoDB: Starting crash recovery from checkpoint LSN=373618
2021-01-14  9:36:44 0 [Note] InnoDB: 128 out of 128 rollback segments are active.
2021-01-14  9:36:44 0 [Note] InnoDB: Removed temporary tablespace data file: "ibtmp1"
2021-01-14  9:36:44 0 [Note] InnoDB: Creating shared tablespace for temporary tables
2021-01-14  9:36:44 0 [Note] InnoDB: Setting file 'C:\xampp\mysql\data\ibtmp1' size to 12 MB. Physically writing the file full; Please wait ...
2021-01-14  9:36:44 0 [Note] InnoDB: File 'C:\xampp\mysql\data\ibtmp1' size is now 12 MB.
2021-01-14  9:36:44 0 [Note] InnoDB: Waiting for purge to start
2021-01-14  9:36:44 0 [Note] InnoDB: 10.4.17 started; log sequence number 373627; transaction id 468
2021-01-14  9:36:44 0 [Note] InnoDB: Loading buffer pool(s) from C:\xampp\mysql\data\ib_buffer_pool
2021-01-14  9:36:44 0 [Note] Plugin 'FEEDBACK' is disabled.
2021-01-14  9:36:44 0 [Note] InnoDB: Buffer pool(s) load completed at 210114  9:36:44
2021-01-14  9:36:44 0 [Note] Server socket created on IP: '::'.
InnoDB: using atomic writes.
2021-01-26 10:16:55 0 [Note] InnoDB: Mutexes and rw_locks use Windows interlocked functions
2021-01-26 10:16:55 0 [Note] InnoDB: Uses event mutexes
2021-01-26 10:16:55 0 [Note] InnoDB: Compressed tables use zlib 1.2.11
2021-01-26 10:16:55 0 [Note] InnoDB: Number of pools: 1
2021-01-26 10:16:55 0 [Note] InnoDB: Using SSE2 crc32 instructions
2021-01-26 10:16:55 0 [Note] InnoDB: Initializing buffer pool, total size = 16M, instances = 1, chunk size = 16M
2021-01-26 10:16:55 0 [Note] InnoDB: Completed initialization of buffer pool
2021-01-26 10:16:55 0 [Note] InnoDB: Starting crash recovery from checkpoint LSN=373636
2021-01-26 10:16:55 0 [Note] InnoDB: 128 out of 128 rollback segments are active.
2021-01-26 10:16:55 0 [Note] InnoDB: Removed temporary tablespace data file: "ibtmp1"
2021-01-26 10:16:55 0 [Note] InnoDB: Creating shared tablespace for temporary tables
2021-01-26 10:16:55 0 [Note] InnoDB: Setting file 'C:\xampp\mysql\data\ibtmp1' size to 12 MB. Physically writing the file full; Please wait ...
2021-01-26 10:16:55 0 [Note] InnoDB: File 'C:\xampp\mysql\data\ibtmp1' size is now 12 MB.
2021-01-26 10:16:55 0 [Note] InnoDB: Waiting for purge to start
2021-01-26 10:16:55 0 [Note] InnoDB: 10.4.17 started; log sequence number 373645; transaction id 468
2021-01-26 10:16:55 0 [Note] InnoDB: Loading buffer pool(s) from C:\xampp\mysql\data\ib_buffer_pool
2021-01-26 10:16:55 0 [Note] Plugin 'FEEDBACK' is disabled.
2021-01-26 10:16:56 0 [Note] InnoDB: Buffer pool(s) load completed at 210126 10:16:56
2021-01-26 10:16:56 0 [Note] Server socket created on IP: '::'.
InnoDB: using atomic writes.
2021-01-27  6:18:20 0 [Note] InnoDB: Mutexes and rw_locks use Windows interlocked functions
2021-01-27  6:18:20 0 [Note] InnoDB: Uses event mutexes
2021-01-27  6:18:20 0 [Note] InnoDB: Compressed tables use zlib 1.2.11
2021-01-27  6:18:20 0 [Note] InnoDB: Number of pools: 1
2021-01-27  6:18:20 0 [Note] InnoDB: Using SSE2 crc32 instructions
2021-01-27  6:18:20 0 [Note] InnoDB: Initializing buffer pool, total size = 16M, instances = 1, chunk size = 16M
2021-01-27  6:18:20 0 [Note] InnoDB: Completed initialization of buffer pool
2021-01-27  6:18:20 0 [Note] InnoDB: Starting crash recovery from checkpoint LSN=381798
2021-01-27  6:18:21 0 [Note] InnoDB: 128 out of 128 rollback segments are active.
2021-01-27  6:18:21 0 [Note] InnoDB: Removed temporary tablespace data file: "ibtmp1"
2021-01-27  6:18:21 0 [Note] InnoDB: Creating shared tablespace for temporary tables
2021-01-27  6:18:21 0 [Note] InnoDB: Setting file 'C:\xampp\mysql\data\ibtmp1' size to 12 MB. Physically writing the file full; Please wait ...
2021-01-27  6:18:21 0 [Note] InnoDB: File 'C:\xampp\mysql\data\ibtmp1' size is now 12 MB.
2021-01-27  6:18:21 0 [Note] InnoDB: Waiting for purge to start
2021-01-27  6:18:21 0 [Note] InnoDB: 10.4.17 started; log sequence number 381807; transaction id 522
2021-01-27  6:18:21 0 [Note] InnoDB: Loading buffer pool(s) from C:\xampp\mysql\data\ib_buffer_pool
2021-01-27  6:18:21 0 [Note] Plugin 'FEEDBACK' is disabled.
2021-01-27  6:18:21 0 [Note] InnoDB: Buffer pool(s) load completed at 210127  6:18:21
2021-01-27  6:18:21 0 [Note] Server socket created on IP: '::'.
